# JRE version: Java(TM) SE Runtime Environment (16.0.1+9) (build 16.0.1+9-24)
# Java VM: Java HotSpot(TM) 64-Bit Server VM (16.0.1+9-24, mixed mode, sharing, tiered, compressed oops, compressed class ptrs, g1 gc, windows-amd64)
GC Precious Log:
 CPUs: 8 total, 8 available
 Memory: 3982M
 Large Page Support: Disabled
 NUMA Support: Disabled
 Compressed Oops: Enabled (32-bit)
 Heap Region Size: 1M
 Heap Min Capacity: 8M
 Heap Initial Capacity: 64M
 Heap Max Capacity: 996M
 Pre-touch: Disabled
 Parallel Workers: 8
 Concurrent Workers: 2
 Concurrent Refinement Workers: 8
 Periodic GC: Disabled
Heap:
 garbage-first heap   total 65536K, used 12175K [0x00000000c1c00000, 0x0000000100000000)
  region size 1024K, 6 young (6144K), 2 survivors (2048K)
 Metaspace       used 9032K, committed 9280K, reserved 1064960K
  class space    used 1040K, committed 1152K, reserved 1048576K
GC Heap History (6 events):
Event: 6.918 GC heap before
{Heap before GC invocations=0 (full 0):
 garbage-first heap   total 65536K, used 23552K [0x00000000c1c00000, 0x0000000100000000)
  region size 1024K, 23 young (23552K), 0 survivors (0K)
 Metaspace       used 5059K, committed 5248K, reserved 1056768K
  class space    used 520K, committed 640K, reserved 1048576K
}
Event: 6.943 GC heap after
{Heap after GC invocations=1 (full 0):
 garbage-first heap   total 65536K, used 7415K [0x00000000c1c00000, 0x0000000100000000)
  region size 1024K, 3 young (3072K), 3 survivors (3072K)
 Metaspace       used 5059K, committed 5248K, reserved 1056768K
  class space    used 520K, committed 640K, reserved 1048576K
}
Event: 6.972 GC heap before
{Heap before GC invocations=1 (full 0):
 garbage-first heap   total 65536K, used 29943K [0x00000000c1c00000, 0x0000000100000000)
  region size 1024K, 26 young (26624K), 3 survivors (3072K)
 Metaspace       used 5060K, committed 5248K, reserved 1056768K
  class space    used 520K, committed 640K, reserved 1048576K
}
Event: 6.977 GC heap after
{Heap after GC invocations=2 (full 0):
 garbage-first heap   total 65536K, used 7287K [0x00000000c1c00000, 0x0000000100000000)
  region size 1024K, 1 young (1024K), 1 survivors (1024K)
 Metaspace       used 5060K, committed 5248K, reserved 1056768K
  class space    used 520K, committed 640K, reserved 1048576K
}
Event: 13.145 GC heap before
{Heap before GC invocations=2 (full 0):
 garbage-first heap   total 65536K, used 32887K [0x00000000c1c00000, 0x0000000100000000)
  region size 1024K, 27 young (27648K), 1 survivors (1024K)
 Metaspace       used 8251K, committed 8448K, reserved 1056768K
  class space    used 936K, committed 1024K, reserved 1048576K
}
Event: 13.150 GC heap after
{Heap after GC invocations=3 (full 0):
 garbage-first heap   total 65536K, used 9103K [0x00000000c1c00000, 0x0000000100000000)
  region size 1024K, 2 young (2048K), 2 survivors (2048K)
 Metaspace       used 8251K, committed 8448K, reserved 1056768K
  class space    used 936K, committed 1024K, reserved 1048576K
}

